{"created": 1748936342.8648615, "duration": 706.8663034439087, "exitcode": 1, "root": "C:\\Selenium-Python\\PythonSeleniumProject\\SalesforceProjects", "environment": {}, "summary": {"passed": 10, "skipped": 2, "failed": 1, "total": 13, "collected": 13}, "collectors": [{"nodeid": "", "outcome": "passed", "result": [{"nodeid": ".", "type": "Dir"}]}, {"nodeid": "Utility", "outcome": "passed", "result": []}, {"nodeid": "assets", "outcome": "passed", "result": []}, {"nodeid": "reports/assets", "outcome": "passed", "result": []}, {"nodeid": "reports/screenshots", "outcome": "passed", "result": []}, {"nodeid": "reports", "outcome": "passed", "result": [{"nodeid": "reports/assets", "type": "Dir"}, {"nodeid": "reports/screenshots", "type": "Dir"}]}, {"nodeid": "screenshots", "outcome": "passed", "result": []}, {"nodeid": "test_CreateAccount&Contact.py::TestVerifyContactOnCase", "outcome": "passed", "result": [{"nodeid": "test_CreateAccount&Contact.py::TestVerifyContactOnCase::test_create_account_and_verify_related_contact", "type": "Function", "lineno": 8}]}, {"nodeid": "test_CreateAccount&Contact.py", "outcome": "passed", "result": [{"nodeid": "test_CreateAccount&Contact.py::TestVerifyContactOnCase", "type": "Class"}]}, {"nodeid": "test_CreateCaseViaCsv.py::TestVerifyContactOnCase", "outcome": "passed", "result": [{"nodeid": "test_CreateCaseViaCsv.py::TestVerifyContactOnCase::test_create_contact[New Test Contact-25/10/2025-New Case from CSV101-16]", "type": "Function", "lineno": 14}, {"nodeid": "test_CreateCaseViaCsv.py::TestVerifyContactOnCase::test_create_contact[New 001-25/10/2026-New Case from CSV102-19]", "type": "Function", "lineno": 14}]}, {"nodeid": "test_CreateCaseViaCsv.py", "outcome": "passed", "result": [{"nodeid": "test_CreateCaseViaCsv.py::TestVerifyContactOnCase", "type": "Class"}]}, {"nodeid": "test_CreateCaseViaExcel.py::TestVerifyContactOnCase", "outcome": "passed", "result": [{"nodeid": "test_CreateCaseViaExcel.py::TestVerifyContactOnCase::test_create_contact[New Test Contact-25/10/2025-New Case from ExcelSheet 001-18]", "type": "Function", "lineno": 12}, {"nodeid": "test_CreateCaseViaExcel.py::TestVerifyContactOnCase::test_create_contact[New 001-25/10/2026-New Case from ExcelSheet 002-16]", "type": "Function", "lineno": 12}]}, {"nodeid": "test_CreateCaseViaExcel.py", "outcome": "passed", "result": [{"nodeid": "test_CreateCaseViaExcel.py::TestVerifyContactOnCase", "type": "Class"}]}, {"nodeid": "test_CreateCaseViaJson.py::TestVerifyContactOnCase", "outcome": "passed", "result": [{"nodeid": "test_CreateCaseViaJson.py::TestVerifyContactOnCase::test_create_contact[New Test Contact-25/10/2025-New Case from Json 2001-18]", "type": "Function", "lineno": 14}, {"nodeid": "test_CreateCaseViaJson.py::TestVerifyContactOnCase::test_create_contact[New 001-25/10/2026-New Case from Json 2002-17]", "type": "Function", "lineno": 14}]}, {"nodeid": "test_CreateCaseViaJson.py", "outcome": "passed", "result": [{"nodeid": "test_CreateCaseViaJson.py::TestVerifyContactOnCase", "type": "Class"}]}, {"nodeid": "test_UpdateCaseValuesViaLWC.py::TestVerifyContactOnCase", "outcome": "passed", "result": [{"nodeid": "test_UpdateCaseValuesViaLWC.py::TestVerifyContactOnCase::test_update_case_component", "type": "Function", "lineno": 7}]}, {"nodeid": "test_UpdateCaseValuesViaLWC.py", "outcome": "passed", "result": [{"nodeid": "test_UpdateCaseValuesViaLWC.py::TestVerifyContactOnCase", "type": "Class"}]}, {"nodeid": "test_VerifyAgeValidationonCase.py::TestToVerifyAgeOnCase", "outcome": "passed", "result": [{"nodeid": "test_VerifyAgeValidationonCase.py::TestToVerifyAgeOnCase::test01_create_case_with_valid_age", "type": "Function", "lineno": 37}, {"nodeid": "test_VerifyAgeValidationonCase.py::TestToVerifyAgeOnCase::test02_create_case_with_invalid_age", "type": "Function", "lineno": 47}, {"nodeid": "test_VerifyAgeValidationonCase.py::TestToVerifyAgeOnCase::test03_force_assertion_fail_case", "type": "Function", "lineno": 65}]}, {"nodeid": "test_VerifyAgeValidationonCase.py", "outcome": "passed", "result": [{"nodeid": "test_VerifyAgeValidationonCase.py::TestToVerifyAgeOnCase", "type": "Class"}]}, {"nodeid": "test_VerifyCaseonCon.py::TestVerifyContactOnCase", "outcome": "passed", "result": [{"nodeid": "test_VerifyCaseonCon.py::TestVerifyContactOnCase::test_create_contact", "type": "Function", "lineno": 7}]}, {"nodeid": "test_VerifyCaseonCon.py", "outcome": "passed", "result": [{"nodeid": "test_VerifyCaseonCon.py::TestVerifyContactOnCase", "type": "Class"}]}, {"nodeid": "test_VerifySumofOppAmnt.py::TestSumOfOppAmt", "outcome": "passed", "result": [{"nodeid": "test_VerifySumofOppAmnt.py::TestSumOfOppAmt::test_sum_of_opportunities", "type": "Function", "lineno": 8}]}, {"nodeid": "test_VerifySumofOppAmnt.py", "outcome": "passed", "result": [{"nodeid": "test_VerifySumofOppAmnt.py::TestSumOfOppAmt", "type": "Class"}]}, {"nodeid": "testdata", "outcome": "passed", "result": []}, {"nodeid": ".", "outcome": "passed", "result": [{"nodeid": "Utility", "type": "Package"}, {"nodeid": "assets", "type": "Dir"}, {"nodeid": "reports", "type": "Dir"}, {"nodeid": "screenshots", "type": "Dir"}, {"nodeid": "test_CreateAccount&Contact.py", "type": "Module"}, {"nodeid": "test_CreateCaseViaCsv.py", "type": "Module"}, {"nodeid": "test_CreateCaseViaExcel.py", "type": "Module"}, {"nodeid": "test_CreateCaseViaJson.py", "type": "Module"}, {"nodeid": "test_UpdateCaseValuesViaLWC.py", "type": "Module"}, {"nodeid": "test_VerifyAgeValidationonCase.py", "type": "Module"}, {"nodeid": "test_VerifyCaseonCon.py", "type": "Module"}, {"nodeid": "test_VerifySumofOppAmnt.py", "type": "Module"}, {"nodeid": "testdata", "type": "Dir"}]}], "tests": [{"nodeid": "test_CreateAccount&Contact.py::TestVerifyContactOnCase::test_create_account_and_verify_related_contact", "lineno": 8, "outcome": "passed", "keywords": ["test_create_account_and_verify_related_contact", "TestVerifyContactOnCase", "usefixtures", "test_CreateAccount&Contact.py", "SalesforceProjects", ""], "setup": {"duration": 21.852797700004885, "outcome": "passed", "stdout": "Open Edge browser\nMaximize the window\nGo to the login Url\nEntered Username\nEntered Password\nLogged into Salesforce\nHome page loaded successfully\nClicked on App Launcher\nSearching for Sales...\nClick on Sales App\n"}, "call": {"duration": 22.81475340000179, "outcome": "passed", "stdout": "Click on Accounts tab\nAccount record is created with Name,Rating and Phone fields\nclick on Related tab\n"}, "teardown": {"duration": 2.43911030000163, "outcome": "passed", "stdout": "Quit the browser\n"}}, {"nodeid": "test_CreateCaseViaCsv.py::TestVerifyContactOnCase::test_create_contact[New Test Contact-25/10/2025-New Case from CSV101-16]", "lineno": 14, "outcome": "skipped", "keywords": ["test_create_contact[New Test Contact-25/10/2025-New Case from CSV101-16]", "parametrize", "pytestmark", "New Test Contact-25/10/2025-New Case from CSV101-16", "TestVerifyContactOnCase", "usefixtures", "test_CreateCaseViaCsv.py", "SalesforceProjects", ""], "setup": {"duration": 16.839140600000974, "outcome": "passed", "stdout": "Open Edge browser\nMaximize the window\nGo to the login Url\nEntered Username\nEntered Password\nLogged into Salesforce\nHome page loaded successfully\nClicked on App Launcher\nSearching for Sales...\nClick on Sales App\n"}, "call": {"duration": 9.153143200004706, "outcome": "skipped", "stdout": "Navigated to the Cases tab\nClicked on New button\nSelected Inquiry record type\nClicked on Next\nSelected Case Origin as Web\nSearched for Contact: New Test Contact\nSelected Contact: New Test Contact\nEntered Age: 16\nClicked on Save\nValidation Error Found: Age\nAge must be 18 or greater. Please enter a valid value.\nExit from the class\n", "longrepr": "('C:\\\\Selenium-Python\\\\PythonSeleniumProject\\\\SalesforceProjects\\\\test_CreateCaseViaCsv.py', 66, 'Skipped: Skipping test due to age validation failure')"}, "teardown": {"duration": 2.4450591999993776, "outcome": "passed", "stdout": "Quit the browser\n"}}, {"nodeid": "test_CreateCaseViaCsv.py::TestVerifyContactOnCase::test_create_contact[New 001-25/10/2026-New Case from CSV102-19]", "lineno": 14, "outcome": "passed", "keywords": ["test_create_contact[New 001-25/10/2026-New Case from CSV102-19]", "parametrize", "pytestmark", "New 001-25/10/2026-New Case from CSV102-19", "TestVerifyContactOnCase", "usefixtures", "test_CreateCaseViaCsv.py", "SalesforceProjects", ""], "setup": {"duration": 17.2918365000005, "outcome": "passed", "stdout": "Open Edge browser\nMaximize the window\nGo to the login Url\nEntered Username\nEntered Password\nLogged into Salesforce\nHome page loaded successfully\nClicked on App Launcher\nSearching for Sales...\nClick on Sales App\n"}, "call": {"duration": 8.28704380000272, "outcome": "passed", "stdout": "Navigated to the Cases tab\nClicked on New button\nSelected Inquiry record type\nClicked on Next\nSelected Case Origin as Web\nSearched for Contact: New 001\nSelected Contact: New 001\nEntered Age: 19\nClicked on Save\nCase is Created\nThe Case Number is: Medium\nExit from the class\n"}, "teardown": {"duration": 2.342481100000441, "outcome": "passed", "stdout": "Quit the browser\n"}}, {"nodeid": "test_CreateCaseViaExcel.py::TestVerifyContactOnCase::test_create_contact[New Test Contact-25/10/2025-New Case from ExcelSheet 001-18]", "lineno": 12, "outcome": "passed", "keywords": ["test_create_contact[New Test Contact-25/10/2025-New Case from ExcelSheet 001-18]", "parametrize", "pytestmark", "New Test Contact-25/10/2025-New Case from ExcelSheet 001-18", "TestVerifyContactOnCase", "usefixtures", "test_CreateCaseViaExcel.py", "SalesforceProjects", ""], "setup": {"duration": 16.91020170000411, "outcome": "passed", "stdout": "Open Edge browser\nMaximize the window\nGo to the login Url\nEntered Username\nEntered Password\nLogged into Salesforce\nHome page loaded successfully\nClicked on App Launcher\nSearching for Sales...\nClick on Sales App\n"}, "call": {"duration": 10.65393999999651, "outcome": "passed", "stdout": "Navigated to the Cases tab\nClicked on New button\nSelected Inquiry record type\nClicked on Next\nSelected Case Origin as Web\nSearched for Contact: New Test Contact\nSelected Contact: New Test Contact\nEntered Age: 18\nClicked on Save\nCase is Created\nThe Case Number is: Medium\n"}, "teardown": {"duration": 2.7046510000000126, "outcome": "passed", "stdout": "Quit the browser\n"}}, {"nodeid": "test_CreateCaseViaExcel.py::TestVerifyContactOnCase::test_create_contact[New 001-25/10/2026-New Case from ExcelSheet 002-16]", "lineno": 12, "outcome": "passed", "keywords": ["test_create_contact[New 001-25/10/2026-New Case from ExcelSheet 002-16]", "parametrize", "pytestmark", "New 001-25/10/2026-New Case from ExcelSheet 002-16", "TestVerifyContactOnCase", "usefixtures", "test_CreateCaseViaExcel.py", "SalesforceProjects", ""], "setup": {"duration": 29.088615699998627, "outcome": "passed", "stdout": "Open Edge browser\nMaximize the window\nGo to the login Url\nEntered Username\nEntered Password\nLogged into Salesforce\nHome page loaded successfully\nClicked on App Launcher\nSearching for Sales...\nClick on Sales App\n"}, "call": {"duration": 13.164473700002418, "outcome": "passed", "stdout": "Navigated to the Cases tab\nMessage: no such element: Unable to locate element: {\"method\":\"xpath\",\"selector\":\"//div[@title='New']\"}\n  (Session info: MicrosoftEdge=137.0.3296.52); For documentation on this error, please visit: https://www.selenium.dev/documentation/webdriver/troubleshooting/errors#no-such-element-exception\nStacktrace:\n\tGetHandleVerifier [0x0x7ff62bff3865+25605]\n\t(No symbol) [0x0x7ff62bf43970]\n\tMicrosoft::Applications::Events::EventProperty::to_string [0x0x7ff62c276e7a+1962506]\n\t(No symbol) [0x0x7ff62bd586c4]\n\t(No symbol) [0x0x7ff62bd5898b]\n\t(No symbol) [0x0x7ff62bd99af7]\n\t(No symbol) [0x0x7ff62bd79e8f]\n\t(No symbol) [0x0x7ff62bd4ea5d]\n\t(No symbol) [0x0x7ff62bd975df]\n\t(No symbol) [0x0x7ff62bd79bb3]\n\t(No symbol) [0x0x7ff62bd4df56]\n\t(No symbol) [0x0x7ff62bd4d463]\n\t(No symbol) [0x0x7ff62bd4dd83]\n\t(No symbol) [0x0x7ff62be4e10d]\n\t(No symbol) [0x0x7ff62be5dce8]\n\tMicrosoft::Applications::Events::EventProperty::to_string [0x0x7ff62c0d8839+265161]\n\tMicrosoft::Applications::Events::EventProperty::to_string [0x0x7ff62c0e0111+296097]\n\t(No symbol) [0x0x7ff62bf52111]\n\t(No symbol) [0x0x7ff62bf4a5b4]\n\t(No symbol) [0x0x7ff62bf4a703]\n\t(No symbol) [0x0x7ff62bf3b8d6]\n\tBaseThreadInitThunk [0x0x7ffe5abee8d7+23]\n\tRtlUserThreadStart [0x0x7ffe5babc34c+44]\n\n"}, "teardown": {"duration": 2.453445400002238, "outcome": "passed", "stdout": "Quit the browser\n"}}, {"nodeid": "test_CreateCaseViaJson.py::TestVerifyContactOnCase::test_create_contact[New Test Contact-25/10/2025-New Case from Json 2001-18]", "lineno": 14, "outcome": "passed", "keywords": ["test_create_contact[New Test Contact-25/10/2025-New Case from Json 2001-18]", "parametrize", "pytestmark", "New Test Contact-25/10/2025-New Case from Json 2001-18", "TestVerifyContactOnCase", "usefixtures", "test_CreateCaseViaJson.py", "SalesforceProjects", ""], "setup": {"duration": 18.530222200002754, "outcome": "passed", "stdout": "Open Edge browser\nMaximize the window\nGo to the login Url\nEntered Username\nEntered Password\nLogged into Salesforce\nHome page loaded successfully\nClicked on App Launcher\nSearching for Sales...\nClick on Sales App\n"}, "call": {"duration": 9.738936599998851, "outcome": "passed", "stdout": "Navigated to the Cases tab\nClicked on New button\nSelected Inquiry record type\nClicked on Next\nSelected Case Origin as Web\nSearched for Contact: New Test Contact\nSelected Contact: New Test Contact\nEntered Age: 18\nClicked on Save\nCase is Created\nThe Case Number is: Medium\nExit from the class\n"}, "teardown": {"duration": 2.476680600004329, "outcome": "passed", "stdout": "Quit the browser\n"}}, {"nodeid": "test_CreateCaseViaJson.py::TestVerifyContactOnCase::test_create_contact[New 001-25/10/2026-New Case from Json 2002-17]", "lineno": 14, "outcome": "skipped", "keywords": ["test_create_contact[New 001-25/10/2026-New Case from Json 2002-17]", "parametrize", "pytestmark", "New 001-25/10/2026-New Case from Json 2002-17", "TestVerifyContactOnCase", "usefixtures", "test_CreateCaseViaJson.py", "SalesforceProjects", ""], "setup": {"duration": 20.40888910000649, "outcome": "passed", "stdout": "Open Edge browser\nMaximize the window\nGo to the login Url\nEntered Username\nEntered Password\nLogged into Salesforce\nHome page loaded successfully\nClicked on App Launcher\nSearching for Sales...\nClick on Sales App\n"}, "call": {"duration": 8.853494599999976, "outcome": "skipped", "stdout": "Navigated to the Cases tab\nClicked on New button\nSelected Inquiry record type\nClicked on Next\nSelected Case Origin as Web\nSearched for Contact: New 001\nSelected Contact: New 001\nEntered Age: 17\nClicked on Save\nValidation Error Found: Age\nAge must be 18 or greater. Please enter a valid value.\nExpected validation error not found, but age is <18\nExit from the class\n", "longrepr": "('C:\\\\Selenium-Python\\\\PythonSeleniumProject\\\\SalesforceProjects\\\\test_CreateCaseViaJson.py', 69, 'Skipped: Skipping test: Age < 18 with no error shown')"}, "teardown": {"duration": 2.325099900001078, "outcome": "passed", "stdout": "Quit the browser\n"}}, {"nodeid": "test_UpdateCaseValuesViaLWC.py::TestVerifyContactOnCase::test_update_case_component", "lineno": 7, "outcome": "passed", "keywords": ["test_update_case_component", "TestVerifyContactOnCase", "usefixtures", "test_UpdateCaseValuesViaLWC.py", "SalesforceProjects", ""], "setup": {"duration": 19.089674099996046, "outcome": "passed", "stdout": "Open Edge browser\nMaximize the window\nGo to the login Url\nEntered Username\nEntered Password\nLogged into Salesforce\nHome page loaded successfully\nClicked on App Launcher\nSearching for Sales...\nClick on Sales App\n"}, "call": {"duration": 11.289408099997672, "outcome": "passed", "stdout": "Go to the Cases tab\nClick on New button\nSelect Inquiry record type\nClick on Next\nClick on Case Origin\nSelect Web\nSearch for Contacts\nContact selected\nAccount Selected\nEntered age\nClick On Save\nCase is Created\nThe Case Number is: 00001266\nGo to the Update Case Component\nClick on the Priority picklist\nClick on Low\nClick on the Product picklist\nClick on the GC3040 product\nClick on Update Case button\nThe Updated Priority value is :Low\nThe Updated Product value is :GC3040\nExit from the class\n"}, "teardown": {"duration": 2.3956965999968816, "outcome": "passed", "stdout": "Quit the browser\n"}}, {"nodeid": "test_VerifyAgeValidationonCase.py::TestToVerifyAgeOnCase::test01_create_case_with_valid_age", "lineno": 37, "outcome": "passed", "keywords": ["test01_create_case_with_valid_age", "TestToVerifyAgeOnCase", "test_VerifyAgeValidationonCase.py", "SalesforceProjects", ""], "setup": {"duration": 18.136234500001592, "outcome": "passed", "stdout": "Open Edge browser\nMaximize the window\nGo to the login Url\nEntered Username\nEntered Password\nLogged into Salesforce\nHome page loaded successfully\nClicked on App Launcher\nSearching for Sales...\nClick on Sales App\n"}, "call": {"duration": 11.29916840000078, "outcome": "passed", "stdout": "Land on the Home page of the Sales App\nClick on the Cases tab\nClick on the New button\nSelect Inquery record type\nClick on Next\nClick on Case Origin Picklist\nSelect Web\nSearch for Contacts in lookup\nSelect Contact\nSearch for Accounts in lookup\nSelect Account\nFill Resolution Date as:25/05/2025\nFill Subject as: New Case for Testing\nFill age as: 18\nClick on Save\nCase Number: 00001267\n"}, "teardown": {"duration": 2.377204600001278, "outcome": "passed", "stdout": "Quit the browser\n"}}, {"nodeid": "test_VerifyAgeValidationonCase.py::TestToVerifyAgeOnCase::test02_create_case_with_invalid_age", "lineno": 47, "outcome": "passed", "keywords": ["test02_create_case_with_invalid_age", "TestToVerifyAgeOnCase", "test_VerifyAgeValidationonCase.py", "SalesforceProjects", ""], "setup": {"duration": 34.541955900000175, "outcome": "passed", "stdout": "Open Edge browser\nMaximize the window\nGo to the login Url\nEntered Username\nEntered Password\nLogged into Salesforce\nHome page loaded successfully\nClicked on App Launcher\nSearching for Sales...\nClick on Sales App\n"}, "call": {"duration": 36.57492829999683, "outcome": "passed", "stdout": "Land on the Home page of the Sales App\nClick on the Cases tab\nClick on the New button\nSelect Inquery record type\nClick on Next\nClick on Case Origin Picklist\nSelect Web\nSearch for Contacts in lookup\nSelect Contact\nSearch for Accounts in lookup\nSelect Account\nFill Resolution Date as:25/05/2025\nFill Subject as: New Case for Testing\nFill age as: 16\nClick on Save\nValidation Error: Age must be 18 or greater. Please enter a valid value.\n"}, "teardown": {"duration": 2.418554799995036, "outcome": "passed", "stdout": "Quit the browser\n"}}, {"nodeid": "test_VerifyAgeValidationonCase.py::TestToVerifyAgeOnCase::test03_force_assertion_fail_case", "lineno": 65, "outcome": "failed", "keywords": ["test03_force_assertion_fail_case", "TestToVerifyAgeOnCase", "test_VerifyAgeValidationonCase.py", "SalesforceProjects", ""], "setup": {"duration": 17.42459859999508, "outcome": "passed", "stdout": "Open Edge browser\nMaximize the window\nGo to the login Url\nEntered Username\nEntered Password\nLogged into Salesforce\nHome page loaded successfully\nClicked on App Launcher\nSearching for Sales...\nClick on Sales App\n"}, "call": {"duration": 13.193317799996294, "outcome": "failed", "crash": {"path": "C:\\Selenium-Python\\PythonSeleniumProject\\SalesforceProjects\\test_VerifyAgeValidationonCase.py", "lineno": 86, "message": "AssertionError: Assertion Failed: Expected 'Age must be 18 or greater. Please enter a valid value.' but got 'Age\n  Age must be 18 or greater. Please enter a valid value.'\nassert 'Age must be ... valid value.' == 'Age\\nAge mus... valid value.'\n  \n  - Age\n    Age must be 18 or greater. Please enter a valid value."}, "traceback": [{"path": "test_VerifyAgeValidationonCase.py", "lineno": 86, "message": "AssertionError"}], "stdout": "Land on the Home page of the Sales App\nClick on the Cases tab\nClick on the New button\nSelect Inquery record type\nClick on Next\nClick on Case Origin Picklist\nSelect Web\nSearch for Contacts in lookup\nSelect Contact\nSearch for Accounts in lookup\nSelect Account\nFill Resolution Date as:25/05/2025\nFill Subject as: New Case for Testing\nFill age as: 10\nClick on Save\nValidation Error: Age must be 18 or greater. Please enter a valid value.\nAssertion Failed\n", "longrepr": "self = <test_VerifyAgeValidationonCase.TestToVerifyAgeOnCase object at 0x000001BA6D9C7230>\nbrowser = <selenium.webdriver.edge.webdriver.WebDriver (session=\"ec372980e83103984f6ccbe68904b8d5\")>\n\n    def test03_force_assertion_fail_case(self, browser):\n        self.createCase(browser, \"25/05/2025\", 10)\n        browser.find_element(By.XPATH, \"//button[@name='SaveEdit']\").click()\n        print(\"Click on Save\")\n        time.sleep(4)\n    \n        validation_msg = \"Age must be 18 or greater. Please enter a valid value.\"\n        error_text = browser.find_element(By.XPATH,\n                                              \"//div[contains(@class, 'form-element__help') and contains(text(), 'Age must')]\").text\n        lines = error_text.strip().split('\\n')\n        actual_error = lines[-1]\n        print(f\"Validation Error: {actual_error}\")\n        try:\n            if validation_msg == error_text:\n                print(\"Assertion Passed\")\n            else:\n                print(\"Assertion Failed\")\n        except NoSuchElementException:\n            pytest.fail(\"Validation error not found\")\n    \n>       assert validation_msg == error_text, f\"Assertion Failed: Expected '{validation_msg}' but got '{error_text}'\"\nE       AssertionError: Assertion Failed: Expected 'Age must be 18 or greater. Please enter a valid value.' but got 'Age\nE         Age must be 18 or greater. Please enter a valid value.'\nE       assert 'Age must be ... valid value.' == 'Age\\nAge mus... valid value.'\nE         \nE         - Age\nE           Age must be 18 or greater. Please enter a valid value.\n\ntest_VerifyAgeValidationonCase.py:86: AssertionError"}, "teardown": {"duration": 2.7788450000007288, "outcome": "passed", "stdout": "Quit the browser\n"}}, {"nodeid": "test_VerifyCaseonCon.py::TestVerifyContactOnCase::test_create_contact", "lineno": 7, "outcome": "passed", "keywords": ["test_create_contact", "TestVerifyContactOnCase", "usefixtures", "test_VerifyCaseonCon.py", "SalesforceProjects", ""], "setup": {"duration": 16.690282199997455, "outcome": "passed", "stdout": "Open Edge browser\nMaximize the window\nGo to the login Url\nEntered Username\nEntered Password\nLogged into Salesforce\nHome page loaded successfully\nClicked on App Launcher\nSearching for Sales...\nClick on Sales App\n"}, "call": {"duration": 12.610734900001262, "outcome": "passed", "stdout": "Go to the Cases tab\nClick on New button\nSelect Inquiry record type\nClick on Next\nClick on Case Origin\nSelect Web\nSearch for Contacts\nContact selected\nAccount Selected\nEntered age\nClick On Save\nCase is Created\nThe Case Number is: 00001268\nClick on the Contact\nThe Case Number is: 00001268\nAssertion Passed: Case number is linked in Contact's Cases related list\nExit from the class\n"}, "teardown": {"duration": 3.7140966999941156, "outcome": "passed", "stdout": "Quit the browser\n"}}, {"nodeid": "test_VerifySumofOppAmnt.py::TestSumOfOppAmt::test_sum_of_opportunities", "lineno": 8, "outcome": "passed", "keywords": ["test_sum_of_opportunities", "TestSumOfOppAmt", "usefixtures", "test_VerifySumofOppAmnt.py", "SalesforceProjects", ""], "setup": {"duration": 18.16417740000179, "outcome": "passed", "stdout": "Open Edge browser\nMaximize the window\nGo to the login Url\nEntered Username\nEntered Password\nLogged into Salesforce\nHome page loaded successfully\nClicked on App Launcher\nSearching for Sales...\nClick on Sales App\n"}, "call": {"duration": 18.677183400002832, "outcome": "passed", "stdout": "Go to the Accounts page\nClick on the New button\nSite is filled as : Customer\nAccount record is created\nInitial SumOfOppoAmount is: \u20b90.00\nClicked on 'New Opportunity' button\nOpportunity name filled as: Opp 101\nAmount entered as: 10000\nOpportunity created\nAfter one opp the SumOfOppoAmount is: \u20b910,000.00\nClicked on 'New Opportunity' button\nOpportunity name filled as: Opp 102\nAmount entered as: 15000\nOpportunity created\nFinal SumOfOppoAmount is: \u20b925,000.00\nAssertion Passed: Opportunities Amount is correct\n"}, "teardown": {"duration": 2.3672186999974656, "outcome": "passed", "stdout": "Quit the browser\n"}}], "warnings": [{"message": "The 'report.extra' attribute is deprecated and will be removed in a future release, use 'report.extras' instead.", "category": "DeprecationWarning", "when": "runtest", "filename": "C:\\Users\\asus\\AppData\\Local\\Programs\\Python\\Python313\\Lib\\site-packages\\pytest_html\\plugin.py", "lineno": 133}, {"message": "The 'report.extra' attribute is deprecated and will be removed in a future release, use 'report.extras' instead.", "category": "DeprecationWarning", "when": "runtest", "filename": "C:\\Users\\asus\\AppData\\Local\\Programs\\Python\\Python313\\Lib\\site-packages\\pytest_html\\plugin.py", "lineno": 133}, {"message": "The 'report.extra' attribute is deprecated and will be removed in a future release, use 'report.extras' instead.", "category": "DeprecationWarning", "when": "runtest", "filename": "C:\\Users\\asus\\AppData\\Local\\Programs\\Python\\Python313\\Lib\\site-packages\\pytest_html\\plugin.py", "lineno": 133}, {"message": "The 'report.extra' attribute is deprecated and will be removed in a future release, use 'report.extras' instead.", "category": "DeprecationWarning", "when": "runtest", "filename": "C:\\Users\\asus\\AppData\\Local\\Programs\\Python\\Python313\\Lib\\site-packages\\pytest_html\\plugin.py", "lineno": 133}, {"message": "The 'report.extra' attribute is deprecated and will be removed in a future release, use 'report.extras' instead.", "category": "DeprecationWarning", "when": "runtest", "filename": "C:\\Users\\asus\\AppData\\Local\\Programs\\Python\\Python313\\Lib\\site-packages\\pytest_html\\plugin.py", "lineno": 133}, {"message": "The 'report.extra' attribute is deprecated and will be removed in a future release, use 'report.extras' instead.", "category": "DeprecationWarning", "when": "runtest", "filename": "C:\\Users\\asus\\AppData\\Local\\Programs\\Python\\Python313\\Lib\\site-packages\\pytest_html\\plugin.py", "lineno": 133}, {"message": "The 'report.extra' attribute is deprecated and will be removed in a future release, use 'report.extras' instead.", "category": "DeprecationWarning", "when": "runtest", "filename": "C:\\Users\\asus\\AppData\\Local\\Programs\\Python\\Python313\\Lib\\site-packages\\pytest_html\\plugin.py", "lineno": 133}, {"message": "The 'report.extra' attribute is deprecated and will be removed in a future release, use 'report.extras' instead.", "category": "DeprecationWarning", "when": "runtest", "filename": "C:\\Users\\asus\\AppData\\Local\\Programs\\Python\\Python313\\Lib\\site-packages\\pytest_html\\plugin.py", "lineno": 133}, {"message": "The 'report.extra' attribute is deprecated and will be removed in a future release, use 'report.extras' instead.", "category": "DeprecationWarning", "when": "runtest", "filename": "C:\\Users\\asus\\AppData\\Local\\Programs\\Python\\Python313\\Lib\\site-packages\\pytest_html\\plugin.py", "lineno": 133}, {"message": "The 'report.extra' attribute is deprecated and will be removed in a future release, use 'report.extras' instead.", "category": "DeprecationWarning", "when": "runtest", "filename": "C:\\Users\\asus\\AppData\\Local\\Programs\\Python\\Python313\\Lib\\site-packages\\pytest_html\\plugin.py", "lineno": 133}, {"message": "The 'report.extra' attribute is deprecated and will be removed in a future release, use 'report.extras' instead.", "category": "DeprecationWarning", "when": "runtest", "filename": "C:\\Users\\asus\\AppData\\Local\\Programs\\Python\\Python313\\Lib\\site-packages\\pytest_html\\plugin.py", "lineno": 133}, {"message": "The 'report.extra' attribute is deprecated and will be removed in a future release, use 'report.extras' instead.", "category": "DeprecationWarning", "when": "runtest", "filename": "C:\\Users\\asus\\AppData\\Local\\Programs\\Python\\Python313\\Lib\\site-packages\\pytest_html\\plugin.py", "lineno": 133}, {"message": "The 'report.extra' attribute is deprecated and will be removed in a future release, use 'report.extras' instead.", "category": "DeprecationWarning", "when": "runtest", "filename": "C:\\Users\\asus\\AppData\\Local\\Programs\\Python\\Python313\\Lib\\site-packages\\pytest_html\\plugin.py", "lineno": 133}]}